<?xml version="1.0" encoding="UTF-8"?>
<!-- Generated by org.testng.reporters.JUnitReportReporter -->
<testsuite skipped="0" hostname="SRAVTHOT" name="pom.framework.test.ValidLoginTest" tests="1" failures="0" timestamp="14 May 2020 16:01:17 GMT" time="15.145" errors="0">
  <testcase name="testLogin" time="15.145" classname="pom.framework.test.ValidLoginTest"/>
</testsuite> <!-- pom.framework.test.ValidLoginTest -->
