<?xml version="1.0" encoding="UTF-8"?>
<!-- Generated by org.testng.reporters.JUnitReportReporter -->
<testsuite skipped="0" hostname="SRAVTHOT" name="testng.ParametersMethod" tests="1" failures="0" timestamp="16 May 2020 09:18:24 GMT" time="0.011" errors="0">
  <testcase name="TestA" time="0.011" classname="testng.ParametersMethod"/>
</testsuite> <!-- testng.ParametersMethod -->
