<?xml version="1.0" encoding="UTF-8"?>
<!-- Generated by org.testng.reporters.JUnitReportReporter -->
<testsuite skipped="0" hostname="SRAVTHOT" name="testng.DataProviderTest" tests="2" failures="0" timestamp="13 May 2020 15:04:57 GMT" time="0.026" errors="0">
  <testcase name="Dp" time="0.023" classname="testng.DataProviderTest"/>
  <testcase name="Dp" time="0.003" classname="testng.DataProviderTest"/>
</testsuite> <!-- testng.DataProviderTest -->
