<?xml version="1.0" encoding="UTF-8"?>
<!-- Generated by org.testng.reporters.JUnitReportReporter -->
<testsuite skipped="0" hostname="SRAVTHOT" name="testng.Priority" tests="2" failures="0" timestamp="13 May 2020 06:22:58 GMT" time="0.023" errors="0">
  <testcase name="Test1" time="0.018" classname="testng.Priority"/>
  <testcase name="Test2" time="0.005" classname="testng.Priority"/>
</testsuite> <!-- testng.Priority -->
