<?xml version="1.0" encoding="UTF-8"?>
<!-- Generated by org.testng.reporters.JUnitReportReporter -->
<testsuite skipped="0" hostname="SRAVTHOT" name="testng.InvocCountMtd" tests="3" failures="0" timestamp="13 May 2020 06:57:34 GMT" time="0.018" errors="0">
  <testcase name="TestA" time="0.002" classname="testng.InvocCountMtd"/>
  <testcase name="TestA" time="0.001" classname="testng.InvocCountMtd"/>
  <testcase name="TestA" time="0.015" classname="testng.InvocCountMtd"/>
</testsuite> <!-- testng.InvocCountMtd -->
