<?xml version="1.0" encoding="UTF-8"?>
<!-- Generated by org.testng.reporters.JUnitReportReporter -->
<testsuite skipped="0" hostname="SRAVTHOT" name="testng.testngEx1" tests="1" failures="0" timestamp="13 May 2020 06:19:02 GMT" time="0.024" errors="0">
  <testcase name="TestA" time="0.024" classname="testng.testngEx1"/>
</testsuite> <!-- testng.testngEx1 -->
