<?xml version="1.0" encoding="UTF-8"?>
<!-- Generated by org.testng.reporters.JUnitReportReporter -->
<testsuite hostname="SRAVTHOT" name="logjpack.Log4jTest" tests="1" failures="0" timestamp="17 May 2020 17:38:24 GMT" time="6.878" errors="0">
  <testcase name="setup" time="6.878" classname="logjpack.Log4jTest"/>
</testsuite> <!-- logjpack.Log4jTest -->
