<?xml version="1.0" encoding="UTF-8"?>
<!-- Generated by org.testng.reporters.JUnitReportReporter -->
<testsuite skipped="0" hostname="SRAVTHOT" name="testng.DependsonAnn" tests="3" failures="0" timestamp="13 May 2020 06:52:28 GMT" time="0.023" errors="0">
  <testcase name="editUser" time="0.003" classname="testng.DependsonAnn"/>
  <testcase name="deleteUser" time="0.017" classname="testng.DependsonAnn"/>
  <testcase name="registerUser" time="0.003" classname="testng.DependsonAnn"/>
</testsuite> <!-- testng.DependsonAnn -->
