<?xml version="1.0" encoding="UTF-8"?>
<!-- Generated by org.testng.reporters.JUnitReportReporter -->
<testsuite skipped="0" hostname="SRAVTHOT" name="testng.AssertionEx" tests="1" failures="0" timestamp="13 May 2020 15:14:44 GMT" time="7.337" errors="0">
  <testcase name="TestA" time="7.337" classname="testng.AssertionEx"/>
</testsuite> <!-- testng.AssertionEx -->
