<?xml version="1.0" encoding="UTF-8"?>
<!-- Generated by org.testng.reporters.JUnitReportReporter -->
<testsuite skipped="0" hostname="SRAVTHOT" name="pom.src.FirstTestClass" tests="1" failures="0" timestamp="12 Apr 2020 14:21:59 GMT" time="16.044" errors="0">
  <testcase name="test1" time="16.044" classname="pom.src.FirstTestClass"/>
</testsuite> <!-- pom.src.FirstTestClass -->
